2025-04-10 20:14:39,881 - AKToolsLog - INFO - 这是一个信息级别的日志消息
2025-04-10 20:14:40,952 - AKToolsLog - INFO - 未找到该接口，请升级 AKShare 到最新版本并在文档中确认该接口的使用方式：https://akshare.akfamily.xyz
2025-04-10 20:14:54,853 - AKToolsLog - INFO - 未找到该接口，请升级 AKShare 到最新版本并在文档中确认该接口的使用方式：https://akshare.akfamily.xyz
2025-04-10 20:16:16,766 - AKToolsLog - INFO - 获取到 stock_zh_a_spot 的数据
2025-04-10 20:19:55,291 - AKToolsLog - INFO - 未找到该接口，请升级 AKShare 到最新版本并在文档中确认该接口的使用方式：https://akshare.akfamily.xyz
2025-04-10 20:19:57,309 - AKToolsLog - INFO - 这是一个信息级别的日志消息
2025-04-10 20:26:53,617 - AKToolsLog - INFO - 未找到该接口，请升级 AKShare 到最新版本并在文档中确认该接口的使用方式：https://akshare.akfamily.xyz
2025-04-10 20:26:55,640 - AKToolsLog - INFO - 这是一个信息级别的日志消息
2025-04-10 20:29:52,873 - AKToolsLog - INFO - 这是一个信息级别的日志消息
2025-04-10 20:30:02,986 - AKToolsLog - INFO - 获取到 stock_zh_index_spot_em 的数据
2025-04-10 20:32:06,457 - AKToolsLog - INFO - 这是一个信息级别的日志消息
2025-04-10 20:32:20,361 - AKToolsLog - INFO - 获取到 stock_zh_index_spot_em 的数据
2025-04-10 20:33:13,894 - AKToolsLog - INFO - 这是一个信息级别的日志消息
2025-04-10 20:33:31,288 - AKToolsLog - INFO - 获取到 stock_zh_index_spot_em 的数据
2025-04-10 20:42:08,942 - AKToolsLog - INFO - 这是一个信息级别的日志消息
2025-04-10 20:42:18,572 - AKToolsLog - INFO - 获取到 stock_zh_index_spot_em 的数据
2025-04-10 20:43:28,807 - AKToolsLog - INFO - 这是一个信息级别的日志消息
2025-04-10 20:43:42,621 - AKToolsLog - INFO - 获取到 stock_zh_index_spot_em 的数据
2025-04-10 21:10:11,209 - AKToolsLog - INFO - 这是一个信息级别的日志消息
2025-04-10 21:10:17,845 - AKToolsLog - INFO - 获取到 stock_zh_index_spot_em 的数据
2025-04-10 21:11:10,130 - AKToolsLog - INFO - 获取到 stock_zh_a_spot_em 的数据
2025-04-10 21:13:37,399 - AKToolsLog - INFO - 这是一个信息级别的日志消息
2025-04-10 21:13:55,327 - AKToolsLog - INFO - 获取到 stock_zh_index_spot_em 的数据
2025-04-10 21:14:48,421 - AKToolsLog - INFO - 获取到 stock_zh_a_spot_em 的数据
2025-04-10 21:15:53,055 - AKToolsLog - INFO - 获取到 stock_zh_a_spot_em 的数据
2025-04-10 21:18:07,192 - AKToolsLog - INFO - 获取到 stock_zh_index_spot_em 的数据
2025-04-10 21:18:38,849 - AKToolsLog - INFO - 获取到 stock_zh_index_spot_em 的数据
2025-04-10 21:18:46,796 - AKToolsLog - INFO - 获取到 stock_zh_index_spot_em 的数据
2025-04-10 21:18:55,769 - AKToolsLog - INFO - 获取到 stock_zh_index_spot_em 的数据
2025-04-10 21:19:08,399 - AKToolsLog - INFO - 获取到 stock_zh_index_spot_em 的数据
2025-04-10 21:19:09,463 - AKToolsLog - INFO - 获取到 stock_zh_index_spot_em 的数据
2025-04-10 21:19:15,962 - AKToolsLog - INFO - 获取到 stock_zh_index_spot_em 的数据
2025-04-10 21:19:34,691 - AKToolsLog - INFO - 获取到 stock_zh_index_spot_em 的数据
2025-04-10 21:19:42,514 - AKToolsLog - INFO - 获取到 stock_zh_a_spot_em 的数据
2025-04-10 21:19:56,186 - AKToolsLog - INFO - 获取到 stock_zh_index_spot_em 的数据
2025-04-10 21:20:05,689 - AKToolsLog - INFO - 获取到 stock_zh_a_spot_em 的数据
2025-04-10 21:20:13,394 - AKToolsLog - INFO - 获取到 stock_zh_index_spot_em 的数据
2025-04-10 21:20:27,041 - AKToolsLog - INFO - 获取到 stock_zh_a_spot_em 的数据
2025-04-10 21:20:30,064 - AKToolsLog - INFO - 获取到 stock_zh_index_spot_em 的数据
2025-04-10 21:20:32,784 - AKToolsLog - INFO - 获取到 stock_zh_a_spot_em 的数据
2025-04-10 21:20:37,012 - AKToolsLog - INFO - 获取到 stock_zh_a_spot_em 的数据
2025-04-10 21:20:52,080 - AKToolsLog - INFO - 获取到 stock_zh_a_spot_em 的数据
2025-04-10 21:21:06,073 - AKToolsLog - INFO - 获取到 stock_zh_index_spot_em 的数据
2025-04-10 21:21:11,162 - AKToolsLog - INFO - 获取到 stock_zh_index_spot_em 的数据
2025-04-10 21:21:27,082 - AKToolsLog - INFO - 这是一个信息级别的日志消息
2025-04-10 21:21:36,504 - AKToolsLog - INFO - 获取到 stock_zh_index_spot_em 的数据
2025-04-10 21:22:19,086 - AKToolsLog - INFO - 获取到 stock_zh_a_spot_em 的数据
2025-04-10 21:23:04,208 - AKToolsLog - INFO - 获取到 stock_zh_index_spot_em 的数据
2025-04-10 21:23:22,478 - AKToolsLog - INFO - 获取到 stock_zh_index_spot_em 的数据
2025-04-10 21:24:01,054 - AKToolsLog - INFO - 获取到 stock_zh_index_spot_em 的数据
2025-04-10 21:24:06,469 - AKToolsLog - INFO - 获取到 stock_zh_index_spot_em 的数据
2025-04-10 21:24:44,313 - AKToolsLog - INFO - 获取到 stock_zh_a_spot_em 的数据
2025-04-10 21:24:48,444 - AKToolsLog - INFO - 获取到 stock_zh_index_spot_em 的数据
2025-04-10 21:25:25,435 - AKToolsLog - INFO - 获取到 stock_zh_index_spot_em 的数据
2025-04-10 21:25:47,662 - AKToolsLog - INFO - 获取到 stock_zh_a_spot_em 的数据
2025-04-10 21:26:31,894 - AKToolsLog - INFO - 获取到 stock_zh_index_spot_em 的数据
2025-04-10 21:27:16,195 - AKToolsLog - INFO - 获取到 stock_zh_index_spot_em 的数据
2025-04-10 21:27:23,741 - AKToolsLog - INFO - 获取到 stock_zh_a_spot_em 的数据
2025-04-10 21:27:28,940 - AKToolsLog - INFO - 获取到 stock_zh_a_spot_em 的数据
2025-04-10 21:27:37,834 - AKToolsLog - INFO - 获取到 stock_zh_a_spot_em 的数据
2025-04-10 21:27:42,576 - AKToolsLog - INFO - 获取到 stock_zh_index_spot_em 的数据
2025-04-10 21:27:48,744 - AKToolsLog - INFO - 获取到 stock_zh_a_spot_em 的数据
2025-04-10 21:28:10,878 - AKToolsLog - INFO - 获取到 stock_zh_a_spot_em 的数据
2025-04-10 21:28:45,199 - AKToolsLog - INFO - 获取到 stock_zh_index_spot_em 的数据
2025-04-10 21:29:21,054 - AKToolsLog - INFO - 获取到 stock_zh_index_spot_em 的数据
2025-04-10 21:29:44,255 - AKToolsLog - INFO - 获取到 stock_zh_a_spot_em 的数据
2025-04-10 21:30:00,436 - AKToolsLog - INFO - 获取到 stock_zh_a_spot_em 的数据
2025-04-10 21:31:09,471 - AKToolsLog - INFO - 获取到 stock_zh_a_spot_em 的数据
2025-04-10 21:31:18,031 - AKToolsLog - INFO - 获取到 stock_zh_index_spot_em 的数据
2025-04-10 21:32:29,018 - AKToolsLog - INFO - 获取到 stock_zh_index_spot_em 的数据
2025-04-10 21:32:47,615 - AKToolsLog - INFO - 获取到 stock_zh_a_spot_em 的数据
2025-04-10 21:33:28,847 - AKToolsLog - INFO - 获取到 stock_zh_index_spot_em 的数据
2025-04-10 21:34:05,438 - AKToolsLog - INFO - 获取到 stock_zh_index_spot_em 的数据
2025-04-10 21:34:09,686 - AKToolsLog - INFO - 获取到 stock_zh_a_spot_em 的数据
2025-04-10 21:34:27,939 - AKToolsLog - INFO - 获取到 stock_zh_a_spot_em 的数据
2025-04-10 21:34:42,446 - AKToolsLog - INFO - 获取到 stock_zh_a_spot_em 的数据
2025-04-10 21:34:56,485 - AKToolsLog - INFO - 获取到 stock_zh_a_spot_em 的数据
2025-04-10 21:35:00,811 - AKToolsLog - INFO - 获取到 stock_zh_index_spot_em 的数据
2025-04-10 21:35:28,982 - AKToolsLog - INFO - 获取到 stock_zh_a_spot_em 的数据
2025-04-10 21:36:10,307 - AKToolsLog - INFO - 获取到 stock_zh_index_spot_em 的数据
2025-04-10 21:36:30,051 - AKToolsLog - INFO - 获取到 stock_zh_a_spot_em 的数据
2025-04-10 21:37:25,100 - AKToolsLog - INFO - 获取到 stock_zh_a_spot_em 的数据
2025-04-10 21:37:25,466 - AKToolsLog - INFO - 获取到 stock_zh_index_spot_em 的数据
2025-04-10 21:37:36,763 - AKToolsLog - INFO - 获取到 stock_zh_a_spot_em 的数据
2025-04-10 21:38:22,756 - AKToolsLog - INFO - 获取到 stock_zh_index_spot_em 的数据
2025-04-10 21:39:21,689 - AKToolsLog - INFO - 获取到 stock_zh_a_spot_em 的数据
2025-04-10 21:46:50,234 - AKToolsLog - INFO - 获取到 stock_zh_a_spot_em 的数据
2025-04-10 21:47:45,773 - AKToolsLog - INFO - 获取到 stock_zh_a_spot_em 的数据
2025-04-10 22:02:01,778 - AKToolsLog - INFO - 获取到 stock_zh_a_spot_em 的数据
2025-04-10 22:03:05,308 - AKToolsLog - INFO - 获取到 stock_zh_a_spot_em 的数据
2025-04-10 22:03:16,215 - AKToolsLog - INFO - 获取到 stock_zh_a_spot_em 的数据
2025-04-10 22:03:25,257 - AKToolsLog - INFO - 获取到 stock_zh_a_spot_em 的数据
2025-04-10 22:11:28,628 - AKToolsLog - INFO - 获取到 stock_zh_a_spot_em 的数据
2025-04-10 22:11:55,833 - AKToolsLog - INFO - 获取到 stock_zh_a_spot_em 的数据
